
25/01/2017 19:49:22

Open the design.config...
NAME = [Pre Alpha] UpLauncher
STYLE = 0
BG_PATH = images\bg.png
Check file (images\bg.png): 
Local MD5: f21868af923009bc685465c2ec3849b0
Web MD5: f21868af923009bc685465c2ec3849b0

SIZE = 695,395
BG_COLOR = 240,0,200
HIDDEN_COLOR = 240,0,200
ICON = images\favicon.ico
Check file (images\favicon.ico): 
Local MD5: 8b50db450857d9456b30de51a8e14c4e
Web MD5: 8b50db450857d9456b30de51a8e14c4e

PICTURE = 660,530,3013

New picture (1):
Design (1) : LOCATION = 660,5
Design (1) : SIZE = 30,30
Design (1) : BG_COLOR = 
Design (1) : CURSOR = 1
Design (1) : ACTION = 3
PICTURE = 640,1015,1511

New picture (2):
Design (2) : LOCATION = 640,10
Design (2) : SIZE = 15,15
Design (2) : BG_COLOR = 
Design (2) : CURSOR = 1
Design (2) : ACTION = 1
PICTURE = 3,218140,43images\jouer.png1Dofus.exeimages\jouer_hover.pngimages\jouer.png

New picture (3):
Design (3) : LOCATION = 3,218
Design (3) : SIZE = 140,43
Design (3) : BG_PATH = images\jouer.png
Check file (images\jouer.png): 
Local MD5: e3f3c4e4573ab6420b02f93d6b754f65
Web MD5: e3f3c4e4573ab6420b02f93d6b754f65

Design (3) : CURSOR = 1
Design (3) : ACTION = Dofus.exe
Design (3) : ACTION = images\jouer_hover.png
Design (3) : ACTION = images\jouer.png
LABEL = 0,190255,255,255

New label (4):
Design (4) : NAME = 
Design (4) : BG_COLOR = 
Design (4) : LOCATION = 0,190
Design (4) : COLOR = 255,255,255
UPDATE = 43
UpDate ON : INFOS=4
UpDate ON : LOCK=3
Component (1) add action: Time 0
Component (2) add action: Time 0
Component (3) add action: Time 0
Component (3) add action: Time 1
Component (3) add action: Time 2

Form movement add.
Download informations...
Check files...
Check file : audio\effects.swf
Check file : audio\musics.swf
End of the update.
UpDate OFF : INFOS=4
UpDate OFF : LOCK=3

Component (3) play action : time 2

Component (3) action: BG_PATH=images\jouer.png
Design (3) : BG_PATH = images\jouer.png
Check file (images\jouer.png): 
Local MD5: e3f3c4e4573ab6420b02f93d6b754f65
Web MD5: e3f3c4e4573ab6420b02f93d6b754f65


Component (3) play action : time 2

Component (3) action: BG_PATH=images\jouer.png
Design (3) : BG_PATH = images\jouer.png

25/01/2017 19:49:28

Open the design.config...
NAME = [Pre Alpha] UpLauncher
STYLE = 0
BG_PATH = images\bg.png
Check file (images\bg.png): 
Local MD5: f21868af923009bc685465c2ec3849b0
Web MD5: f21868af923009bc685465c2ec3849b0

SIZE = 695,395
BG_COLOR = 240,0,200
HIDDEN_COLOR = 240,0,200
ICON = images\favicon.ico
Check file (images\favicon.ico): 
Local MD5: 8b50db450857d9456b30de51a8e14c4e
Web MD5: 8b50db450857d9456b30de51a8e14c4e

PICTURE = 660,530,3013

New picture (1):
Design (1) : LOCATION = 660,5
Design (1) : SIZE = 30,30
Design (1) : BG_COLOR = 
Design (1) : CURSOR = 1
Design (1) : ACTION = 3
PICTURE = 640,1015,1511

New picture (2):
Design (2) : LOCATION = 640,10
Design (2) : SIZE = 15,15
Design (2) : BG_COLOR = 
Design (2) : CURSOR = 1
Design (2) : ACTION = 1
PICTURE = 3,218140,43images\jouer.png1Dofus.exeimages\jouer_hover.pngimages\jouer.png

New picture (3):
Design (3) : LOCATION = 3,218
Design (3) : SIZE = 140,43
Design (3) : BG_PATH = images\jouer.png
Check file (images\jouer.png): 
Local MD5: e3f3c4e4573ab6420b02f93d6b754f65
Web MD5: e3f3c4e4573ab6420b02f93d6b754f65

Design (3) : CURSOR = 1
Design (3) : ACTION = Dofus.exe
Design (3) : ACTION = images\jouer_hover.png
Design (3) : ACTION = images\jouer.png
LABEL = 0,187255,255,255

New label (4):
Design (4) : NAME = 
Design (4) : BG_COLOR = 
Design (4) : LOCATION = 0,187
Design (4) : COLOR = 255,255,255
UPDATE = 43
UpDate ON : INFOS=4
UpDate ON : LOCK=3
Component (1) add action: Time 0
Component (2) add action: Time 0
Component (3) add action: Time 0
Component (3) add action: Time 1
Component (3) add action: Time 2

Form movement add.
Download informations...
Check files...
Check file : audio\effects.swf
Check file : audio\musics.swf
End of the update.
UpDate OFF : INFOS=4
UpDate OFF : LOCK=3

25/01/2017 19:49:35

Open the design.config...
NAME = [Pre Alpha] UpLauncher
STYLE = 0
BG_PATH = images\bg.png
Check file (images\bg.png): 
Local MD5: f21868af923009bc685465c2ec3849b0
Web MD5: f21868af923009bc685465c2ec3849b0

SIZE = 695,395
BG_COLOR = 240,0,200
HIDDEN_COLOR = 240,0,200
ICON = images\favicon.ico
Check file (images\favicon.ico): 
Local MD5: 8b50db450857d9456b30de51a8e14c4e
Web MD5: 8b50db450857d9456b30de51a8e14c4e

PICTURE = 660,530,3013

New picture (1):
Design (1) : LOCATION = 660,5
Design (1) : SIZE = 30,30
Design (1) : BG_COLOR = 
Design (1) : CURSOR = 1
Design (1) : ACTION = 3
PICTURE = 640,1015,1511

New picture (2):
Design (2) : LOCATION = 640,10
Design (2) : SIZE = 15,15
Design (2) : BG_COLOR = 
Design (2) : CURSOR = 1
Design (2) : ACTION = 1
PICTURE = 3,218140,43images\jouer.png1Dofus.exeimages\jouer_hover.pngimages\jouer.png

New picture (3):
Design (3) : LOCATION = 3,218
Design (3) : SIZE = 140,43
Design (3) : BG_PATH = images\jouer.png
Check file (images\jouer.png): 
Local MD5: e3f3c4e4573ab6420b02f93d6b754f65
Web MD5: e3f3c4e4573ab6420b02f93d6b754f65

Design (3) : CURSOR = 1
Design (3) : ACTION = Dofus.exe
Design (3) : ACTION = images\jouer_hover.png
Design (3) : ACTION = images\jouer.png
LABEL = 0,185255,255,255

New label (4):
Design (4) : NAME = 
Design (4) : BG_COLOR = 
Design (4) : LOCATION = 0,185
Design (4) : COLOR = 255,255,255
UPDATE = 43
UpDate ON : INFOS=4
UpDate ON : LOCK=3
Component (1) add action: Time 0
Component (2) add action: Time 0
Component (3) add action: Time 0
Component (3) add action: Time 1
Component (3) add action: Time 2

Form movement add.
Download informations...
Check files...
Check file : audio\effects.swf
Check file : audio\musics.swf
End of the update.
UpDate OFF : INFOS=4
UpDate OFF : LOCK=3

Component (3) play action : time 1

Component (3) action: BG_PATH=images\jouer_hover.png
Design (3) : BG_PATH = images\jouer_hover.png
Check file (images\jouer_hover.png): 
Local MD5: 2998c0fb269e72122384d93f43d1e4df
Web MD5: 2998c0fb269e72122384d93f43d1e4df


Component (3) play action : time 2

Component (3) action: BG_PATH=images\jouer.png
Design (3) : BG_PATH = images\jouer.png
Check file (images\jouer.png): 
Local MD5: e3f3c4e4573ab6420b02f93d6b754f65
Web MD5: e3f3c4e4573ab6420b02f93d6b754f65

