
26/01/2017 00:08:55

Open the design.config...
NAME = [Pre Alpha] UpLauncher
STYLE = 0
BG_PATH = images\bg.png
Check file (images\bg.png): 
Local MD5: f21868af923009bc685465c2ec3849b0
Web MD5: f21868af923009bc685465c2ec3849b0

SIZE = 695,395
BG_COLOR = 240,0,200
HIDDEN_COLOR = 240,0,200
ICON = images\favicon.ico
Check file (images\favicon.ico): 
Local MD5: 8b50db450857d9456b30de51a8e14c4e
Web MD5: 8b50db450857d9456b30de51a8e14c4e


La clé donnée était absente du dictionnaire.

La clé donnée était absente du dictionnaire.

La clé donnée était absente du dictionnaire.

La clé donnée était absente du dictionnaire.

La clé donnée était absente du dictionnaire.

La clé donnée était absente du dictionnaire.

La clé donnée était absente du dictionnaire.

La clé donnée était absente du dictionnaire.

La clé donnée était absente du dictionnaire.
INFOS_UPDATE = 4

La clé donnée était absente du dictionnaire.

Form movement add.
Download informations...
Check files...
Check file : audio\effects.swf
Check file : audio\musics.swf
End of the update.
