
29/01/2017 21:58:16

Open the design.config...
NAME = [Pre Alpha] UpLauncher
STYLE = 0
BG_PATH = images\bg.png
Check file (images\bg.png): 
Local MD5: f21868af923009bc685465c2ec3849b0
Web MD5: f21868af923009bc685465c2ec3849b0

SIZE = 695,395
BG_COLOR = 240,0,200
HIDDEN_COLOR = 240,0,200
ICON = images\favicon.ico
Check file (images\favicon.ico): 
Local MD5: 8b50db450857d9456b30de51a8e14c4e
Web MD5: 8b50db450857d9456b30de51a8e14c4e

PICTURE = 660,530,3013

New picture (1):
Design (1) : LOCATION = 660,5
Design (1) : SIZE = 30,30
Design (1) : BG_COLOR = 
Design (1) : CURSOR = 1
Design (1) : ACTION = 3
PICTURE = 640,1015,1511

New picture (2):
Design (2) : LOCATION = 640,10
Design (2) : SIZE = 15,15
Design (2) : BG_COLOR = 
Design (2) : CURSOR = 1
Design (2) : ACTION = 1
PICTURE = 3,218140,43images\jouer.png1Dofus.exeimages\jouer_hover.pngimages\jouer.png

New picture (3):
Design (3) : LOCATION = 3,218
Design (3) : SIZE = 140,43
Design (3) : BG_PATH = images\jouer.png
Check file (images\jouer.png): 
Local MD5: e3f3c4e4573ab6420b02f93d6b754f65
Web MD5: e3f3c4e4573ab6420b02f93d6b754f65

Design (3) : CURSOR = 1
Design (3) : ACTION = Dofus.exe
Design (3) : ACTION = images\jouer_hover.png
Design (3) : ACTION = images\jouer.png
PICTURE = 3,261140,43images\site.png1http://127.0.0.1/images\site_hover.pngimages\site.png

New picture (7):
Design (7) : LOCATION = 3,261
Design (7) : SIZE = 140,43
Design (7) : BG_PATH = images\site.png
Check file (images\site.png): 
Local MD5: b1cd1fdf1457df5d930285993746d8f6
Web MD5: b1cd1fdf1457df5d930285993746d8f6

Design (7) : CURSOR = 1
Design (7) : ACTION = http://127.0.0.1/
Design (7) : ACTION = images\site_hover.png
Design (7) : ACTION = images\site.png
PICTURE = 3,304140,43images\forum.png1http://127.0.0.1/images\forum_hover.pngimages\forum.png

New picture (8):
Design (8) : LOCATION = 3,304
Design (8) : SIZE = 140,43
Design (8) : BG_PATH = images\forum.png
Check file (images\forum.png): 
Local MD5: cdd69ba0e8983aeb11b62d61d19b8760
Web MD5: cdd69ba0e8983aeb11b62d61d19b8760

Design (8) : CURSOR = 1
Design (8) : ACTION = http://127.0.0.1/
Design (8) : ACTION = images\forum_hover.png
Design (8) : ACTION = images\forum.png
BUTTON = Vider le cache3,347140,4301255,153,0http://127.0.0.1/

New button (9):
Design (9) : NAME = Vider le cache
Design (9) : LOCATION = 3,347
Design (9) : SIZE = 140,43
Design (9) : STYLE = 0
Design (9) : CURSOR = 1
Design (9) : BG_COLOR = 255,153,0
Design (9) : ACTION = http://127.0.0.1/
LABEL = 0,185255,255,255

New label (4):
Design (4) : NAME = 
Design (4) : LOCATION = 0,185
Design (4) : COLOR = 255,255,255
LABEL = 0%660,185255,255,2550%

New label (5):
Design (5) : NAME = 0%
Design (5) : LOCATION = 660,185
Design (5) : COLOR = 255,255,255
Design (5) : ACTION = 0%
LABEL = Fichier: 5,185255,255,255Fichier: 

New label (6):
Design (6) : NAME = Fichier: 
Design (6) : LOCATION = 5,185
Design (6) : COLOR = 255,255,255
Design (6) : ACTION = Fichier: 
PICTURE = images\pb.png689,103,200images\progress.gif0,00,10

New picture (10):
Design (10) : BG_PATH = images\pb.png
Check file (images\pb.png): 
Local MD5: 871ba7e5acdb2d09fbfe5fb475204668
Web MD5: 871ba7e5acdb2d09fbfe5fb475204668

Design (10) : SIZE = 689,10
Design (10) : LOCATION = 3,200
Design (10) : IMG = images\progress.gif
Design (10) : IMG_SIZE = 0,0
Design (10) : ACTION = 0,10
ACTION = 3,9
ACTION = 3,9
INFOS_UPDATE = 4

Display of the form...
Component (1) add action: Time 0
Component (2) add action: Time 0
Component (3) add action: Time 0
Component (7) add action: Time 0
Component (8) add action: Time 0
Component (9) add action: Time 0
Component (3) add action: Time 1
Component (7) add action: Time 1
Component (8) add action: Time 1
Component (3) add action: Time 2
Component (7) add action: Time 2
Component (8) add action: Time 2
Component (5) add action: Time 7
Component (6) add action: Time 7
Component (10) add action: Time 7

Form movement add.
Component (0) add action: Time 4

Component (0) play action : time 4

Component (0) action: LOCK=3,9
Design (0) : LOCK = 3,9
Download informations...

Component (5) play action : time 7

Component (5) action: NAME=[%1]%
Design (5) : NAME = 0%

Component (6) play action : time 7

Component (6) action: NAME=Fichier: [FILES]
Design (6) : NAME = Fichier: 

Component (10) play action : time 7

Component (10) action: IMG_SIZE=[calcul:689/100*[%1]],10
Design (10) : IMG_SIZE = 0,10

Component (5) play action : time 7

Component (5) action: NAME=[%1]%
Design (5) : NAME = 0%

Component (6) play action : time 7

Component (6) action: NAME=Fichier: [FILES]
Design (6) : NAME = Fichier: 

Component (10) play action : time 7

Component (10) action: IMG_SIZE=[calcul:689/100*[%1]],10
Design (10) : IMG_SIZE = 0,10

Component (5) play action : time 7

Component (5) action: NAME=[%1]%
Design (5) : NAME = 0%

Component (6) play action : time 7

Component (6) action: NAME=Fichier: [FILES]
Design (6) : NAME = Fichier: 

Component (10) play action : time 7

Component (10) action: IMG_SIZE=[calcul:689/100*[%1]],10
Design (10) : IMG_SIZE = 0,10

Component (5) play action : time 7

Component (5) action: NAME=[%1]%
Design (5) : NAME = 0%

Component (6) play action : time 7

Component (6) action: NAME=Fichier: [FILES]
Design (6) : NAME = Fichier: 

Component (10) play action : time 7

Component (10) action: IMG_SIZE=[calcul:689/100*[%1]],10
Design (10) : IMG_SIZE = 0,10

Component (5) play action : time 7

Component (5) action: NAME=[%1]%
Design (5) : NAME = 0%

Component (6) play action : time 7

Component (6) action: NAME=Fichier: [FILES]
Design (6) : NAME = Fichier: 

Component (10) play action : time 7

Component (10) action: IMG_SIZE=[calcul:689/100*[%1]],10
Design (10) : IMG_SIZE = 0,10

Component (5) play action : time 7

Component (5) action: NAME=[%1]%
Design (5) : NAME = 0%

Component (6) play action : time 7

Component (6) action: NAME=Fichier: [FILES]
Design (6) : NAME = Fichier: 

Component (10) play action : time 7

Component (10) action: IMG_SIZE=[calcul:689/100*[%1]],10
Design (10) : IMG_SIZE = 0,10

Component (5) play action : time 7

Component (5) action: NAME=[%1]%
Design (5) : NAME = 0%

Component (6) play action : time 7

Component (6) action: NAME=Fichier: [FILES]
Design (6) : NAME = Fichier: 

Component (10) play action : time 7

Component (10) action: IMG_SIZE=[calcul:689/100*[%1]],10
Design (10) : IMG_SIZE = 0,10

Component (5) play action : time 7

Component (5) action: NAME=[%1]%
Design (5) : NAME = 0%

Component (6) play action : time 7

Component (6) action: NAME=Fichier: [FILES]
Design (6) : NAME = Fichier: 

Component (10) play action : time 7

Component (10) action: IMG_SIZE=[calcul:689/100*[%1]],10
Design (10) : IMG_SIZE = 0,10

Component (8) play action : time 2

Component (8) action: BG_PATH=images\forum.png
Design (8) : BG_PATH = images\forum.png
Check file (images\forum.png): 
Local MD5: cdd69ba0e8983aeb11b62d61d19b8760
Web MD5: cdd69ba0e8983aeb11b62d61d19b8760


Component (5) play action : time 7

Component (5) action: NAME=[%1]%
Design (5) : NAME = 0%

Component (6) play action : time 7

Component (6) action: NAME=Fichier: [FILES]
Design (6) : NAME = Fichier: 

Component (10) play action : time 7

Component (10) action: IMG_SIZE=[calcul:689/100*[%1]],10
Design (10) : IMG_SIZE = 0,10
Url child: http://127.0.0.1/uplauncher/

Open the design.config...
NAME = [Pre Alpha] UpLauncher
STYLE = 0
BG_PATH = images\bg.png
Check file (images\bg.png): 
Local MD5: f21868af923009bc685465c2ec3849b0
Web MD5: f21868af923009bc685465c2ec3849b0

SIZE = 695,395
BG_COLOR = 240,0,200
HIDDEN_COLOR = 240,0,200
ICON = images\favicon.ico
Check file (images\favicon.ico): 
Local MD5: 8b50db450857d9456b30de51a8e14c4e
Web MD5: 8b50db450857d9456b30de51a8e14c4e

PICTURE = 660,530,3013

New picture (1):
Design (1) : LOCATION = 660,5
Design (1) : SIZE = 30,30
Design (1) : BG_COLOR = 
Design (1) : CURSOR = 1
Design (1) : ACTION = 3
PICTURE = 640,1015,1511

New picture (2):
Design (2) : LOCATION = 640,10
Design (2) : SIZE = 15,15
Design (2) : BG_COLOR = 
Design (2) : CURSOR = 1
Design (2) : ACTION = 1
PICTURE = 3,218140,43images\jouer.png1Dofus.exeimages\jouer_hover.pngimages\jouer.png

New picture (3):
Design (3) : LOCATION = 3,218
Design (3) : SIZE = 140,43
Design (3) : BG_PATH = images\jouer.png
Check file (images\jouer.png): 
Local MD5: e3f3c4e4573ab6420b02f93d6b754f65
Web MD5: e3f3c4e4573ab6420b02f93d6b754f65

Design (3) : CURSOR = 1
Design (3) : ACTION = Dofus.exe
Design (3) : ACTION = images\jouer_hover.png
Design (3) : ACTION = images\jouer.png
PICTURE = 3,261140,43images\site.png1http://127.0.0.1/images\site_hover.pngimages\site.png

New picture (7):
Design (7) : LOCATION = 3,261
Design (7) : SIZE = 140,43
Design (7) : BG_PATH = images\site.png
Check file (images\site.png): 
Local MD5: b1cd1fdf1457df5d930285993746d8f6
Web MD5: b1cd1fdf1457df5d930285993746d8f6

Design (7) : CURSOR = 1
Design (7) : ACTION = http://127.0.0.1/
Design (7) : ACTION = images\site_hover.png
Design (7) : ACTION = images\site.png
PICTURE = 3,304140,43images\forum.png1http://127.0.0.1/images\forum_hover.pngimages\forum.png

New picture (8):
Design (8) : LOCATION = 3,304
Design (8) : SIZE = 140,43
Design (8) : BG_PATH = images\forum.png
Check file (images\forum.png): 
Local MD5: cdd69ba0e8983aeb11b62d61d19b8760
Web MD5: cdd69ba0e8983aeb11b62d61d19b8760

Design (8) : CURSOR = 1
Design (8) : ACTION = http://127.0.0.1/
Design (8) : ACTION = images\forum_hover.png
Design (8) : ACTION = images\forum.png
BUTTON = Vider le cache3,347140,4301255,153,0http://127.0.0.1/

New button (9):
Design (9) : NAME = Vider le cache
Design (9) : LOCATION = 3,347
Design (9) : SIZE = 140,43
Design (9) : STYLE = 0
Design (9) : CURSOR = 1
Design (9) : BG_COLOR = 255,153,0
Design (9) : ACTION = http://127.0.0.1/
LABEL = 0,185255,255,255

New label (4):
Design (4) : NAME = 
Design (4) : LOCATION = 0,185
Design (4) : COLOR = 255,255,255
LABEL = 0%660,185255,255,2550%

New label (5):
Design (5) : NAME = 0%
Design (5) : LOCATION = 660,185
Design (5) : COLOR = 255,255,255
Design (5) : ACTION = 0%
LABEL = Fichier: 5,185255,255,255Fichier: 

New label (6):
Design (6) : NAME = Fichier: 
Design (6) : LOCATION = 5,185
Design (6) : COLOR = 255,255,255
Design (6) : ACTION = Fichier: 
PICTURE = images\pb.png689,103,200images\progress.gif0,00,10

New picture (10):
Design (10) : BG_PATH = images\pb.png
Check file (images\pb.png): 
Local MD5: 871ba7e5acdb2d09fbfe5fb475204668
Web MD5: 871ba7e5acdb2d09fbfe5fb475204668

Design (10) : SIZE = 689,10
Design (10) : LOCATION = 3,200
Design (10) : IMG = images\progress.gif
Check file (images\progress.gif): 
Local MD5: f7d6d0d1d0246f4c9b70478a411201b2
Web MD5: f7d6d0d1d0246f4c9b70478a411201b2

Design (10) : IMG_SIZE = 0,0
Design (10) : ACTION = 0,10
ACTION = 3,9
ACTION = 3,9
INFOS_UPDATE = 4

Display of the form...
Component (1) add action: Time 0
Component (2) add action: Time 0
Component (3) add action: Time 0
Component (7) add action: Time 0
Component (8) add action: Time 0
Component (9) add action: Time 0
Component (3) add action: Time 1
Component (7) add action: Time 1
Component (8) add action: Time 1
Component (3) add action: Time 2
Component (7) add action: Time 2
Component (8) add action: Time 2
Component (5) add action: Time 7
Component (6) add action: Time 7
Component (10) add action: Time 7

Form movement add.
Component (0) add action: Time 4

Component (0) play action : time 4

Component (0) action: LOCK=3,9
Design (0) : LOCK = 3,9
Download informations...

Component (5) play action : time 7

Component (5) action: NAME=[%1]%
Design (5) : NAME = 0%

Component (6) play action : time 7

Component (6) action: NAME=Fichier: [FILES]
Design (6) : NAME = Fichier: 

Component (10) play action : time 7

Component (10) action: IMG_SIZE=[calcul:689/100*[%1]],10
Design (10) : IMG_SIZE = 0,10

Component (5) play action : time 7

Component (5) action: NAME=[%1]%
Design (5) : NAME = 0%

Component (6) play action : time 7

Component (6) action: NAME=Fichier: [FILES]
Design (6) : NAME = Fichier: 

Component (10) play action : time 7

Component (10) action: IMG_SIZE=[calcul:689/100*[%1]],10
Design (10) : IMG_SIZE = 0,10
Check files...

Component (5) play action : time 7

Component (5) action: NAME=[%1]%
Design (5) : NAME = 0%

Component (6) play action : time 7

Component (6) action: NAME=Fichier: [FILES]
Design (6) : NAME = Fichier: 

Component (10) play action : time 7

Component (10) action: IMG_SIZE=[calcul:689/100*[%1]],10
Design (10) : IMG_SIZE = 0,10

Component (5) play action : time 7

Component (5) action: NAME=[%1]%
Design (5) : NAME = 0%

Component (6) play action : time 7

Component (6) action: NAME=Fichier: [FILES]
Design (6) : NAME = Fichier: 

Component (10) play action : time 7

Component (10) action: IMG_SIZE=[calcul:689/100*[%1]],10
Design (10) : IMG_SIZE = 0,10

Component (5) play action : time 7

Component (5) action: NAME=[%1]%
Design (5) : NAME = 0%

Component (6) play action : time 7

Component (6) action: NAME=Fichier: [FILES]
Design (6) : NAME = Fichier: 

Component (10) play action : time 7

Component (10) action: IMG_SIZE=[calcul:689/100*[%1]],10
Design (10) : IMG_SIZE = 0,10

Component (7) play action : time 2

Component (7) action: BG_PATH=images\site.png
Design (7) : BG_PATH = images\site.png
Check file (images\site.png): 
Local MD5: b1cd1fdf1457df5d930285993746d8f6
Web MD5: b1cd1fdf1457df5d930285993746d8f6


Component (8) play action : time 2

Component (8) action: BG_PATH=images\forum.png
Design (8) : BG_PATH = images\forum.png
Check file (images\forum.png): 
Local MD5: cdd69ba0e8983aeb11b62d61d19b8760
Web MD5: cdd69ba0e8983aeb11b62d61d19b8760


Component (5) play action : time 7

Component (5) action: NAME=[%1]%
Design (5) : NAME = 0%

Component (6) play action : time 7

Component (6) action: NAME=Fichier: [FILES]
Design (6) : NAME = Fichier: 

Component (10) play action : time 7

Component (10) action: IMG_SIZE=[calcul:689/100*[%1]],10
Design (10) : IMG_SIZE = 0,10
Check files...
Check file : bg.png
Check file : clips\alignments\0.swf
Check file : clips\alignments\1.swf
Check file : clips\alignments\2.swf
Check file : clips\alignments\3.swf
Check file : clips\alignments\feats\1.swf
Check file : clips\alignments\feats\10.swf
Check file : clips\alignments\feats\11.swf
Check file : clips\alignments\feats\12.swf
Check file : clips\alignments\feats\13.swf
Check file : clips\alignments\feats\2.swf
Check file : clips\alignments\feats\3.swf
Check file : clips\alignments\feats\4.swf
Check file : clips\alignments\feats\5.swf
Check file : clips\alignments\feats\6.swf
Check file : clips\alignments\feats\7.swf
Check file : clips\alignments\feats\8.swf
Check file : clips\alignments\feats\9.swf
Check file : clips\alignments\mini\0.swf
Check file : clips\alignments\mini\1.swf
Check file : clips\alignments\mini\2.swf
Check file : clips\alignments\mini\3.swf
Check file : clips\alignments\orders\1.swf
Check file : clips\alignments\orders\2.swf
Check file : clips\alignments\orders\3.swf
Check file : clips\alignments\orders\4.swf
Check file : clips\alignments\orders\5.swf
Check file : clips\alignments\orders\6.swf
Check file : clips\alignments\orders\7.swf
Check file : clips\alignments\orders\8.swf
Check file : clips\artworks\big\10.swf
Check file : clips\artworks\big\100.swf
Check file : clips\artworks\big\1001.swf
Check file : clips\artworks\big\1002.swf

Component (5) play action : time 7

Component (5) action: NAME=[%1]%
Design (5) : NAME = 0%

Component (6) play action : time 7

Component (6) action: NAME=Fichier: [FILES]
Design (6) : NAME = Fichier: 33/7339

Component (10) play action : time 7

Component (10) action: IMG_SIZE=[calcul:689/100*[%1]],10
Design (10) : IMG_SIZE = 0,10
Check file : clips\artworks\big\1003.swf
Check file : clips\artworks\big\1004.swf
Check file : clips\artworks\big\1005.swf
Check file : clips\artworks\big\1006.swf
Check file : clips\artworks\big\1007.swf
Check file : clips\artworks\big\1008.swf
Check file : clips\artworks\big\1009.swf
Check file : clips\artworks\big\101.swf
Check file : clips\artworks\big\1010.swf
Check file : clips\artworks\big\1011.swf
Check file : clips\artworks\big\1012.swf
Check file : clips\artworks\big\1013.swf
Check file : clips\artworks\big\1014.swf
Check file : clips\artworks\big\1015.swf
Check file : clips\artworks\big\1016.swf
Check file : clips\artworks\big\1017.swf
Check file : clips\artworks\big\1018.swf
Check file : clips\artworks\big\1019.swf
Check file : clips\artworks\big\1020.swf
Check file : clips\artworks\big\1021.swf
Check file : clips\artworks\big\1022.swf
Check file : clips\artworks\big\1023.swf
Check file : clips\artworks\big\1024.swf
Check file : clips\artworks\big\1025.swf
Check file : clips\artworks\big\1026.swf
Check file : clips\artworks\big\1027.swf
Check file : clips\artworks\big\1028.swf
Check file : clips\artworks\big\1029.swf
Check file : clips\artworks\big\1030.swf
Check file : clips\artworks\big\1031.swf
Check file : clips\artworks\big\1032.swf
Check file : clips\artworks\big\1033.swf
Check file : clips\artworks\big\1034.swf
Check file : clips\artworks\big\1035.swf
Check file : clips\artworks\big\1036.swf
Check file : clips\artworks\big\1037.swf
Check file : clips\artworks\big\1038.swf

Component (5) play action : time 7

Component (5) action: NAME=[%1]%
Design (5) : NAME = 0%

Component (6) play action : time 7

Component (6) action: NAME=Fichier: [FILES]
Design (6) : NAME = Fichier: 70/7339

Component (10) play action : time 7

Component (10) action: IMG_SIZE=[calcul:689/100*[%1]],10
Check file : clips\artworks\big\1039.swf
Design (10) : IMG_SIZE = 0,10
Check file : clips\artworks\big\1040.swf
Check file : clips\artworks\big\1041.swf
Check file : clips\artworks\big\1042.swf
Check file : clips\artworks\big\1043.swf
Check file : clips\artworks\big\1044.swf
Check file : clips\artworks\big\1045.swf
Check file : clips\artworks\big\1046.swf
Check file : clips\artworks\big\1047.swf
Check file : clips\artworks\big\1048.swf
Check file : clips\artworks\big\1049.swf
Check file : clips\artworks\big\1050.swf
Check file : clips\artworks\big\1051.swf
Check file : clips\artworks\big\1052.swf
Check file : clips\artworks\big\1053.swf
Check file : clips\artworks\big\1054.swf
Check file : clips\artworks\big\1055.swf
Check file : clips\artworks\big\1056.swf
Check file : clips\artworks\big\1057.swf
Check file : clips\artworks\big\1058.swf
Check file : clips\artworks\big\1059.swf
Check file : clips\artworks\big\1060.swf
Check file : clips\artworks\big\1061.swf
Check file : clips\artworks\big\1062.swf
Check file : clips\artworks\big\1063.swf
Check file : clips\artworks\big\1064.swf
Check file : clips\artworks\big\1065.swf
Check file : clips\artworks\big\1066.swf
Check file : clips\artworks\big\1067.swf
Check file : clips\artworks\big\1068.swf
Check file : clips\artworks\big\1069.swf
Check file : clips\artworks\big\1070.swf
Check file : clips\artworks\big\1071.swf
Check file : clips\artworks\big\1072.swf
Check file : clips\artworks\big\1073.swf
Check file : clips\artworks\big\1074.swf
Check file : clips\artworks\big\1075.swf
Check file : clips\artworks\big\1076.swf
Check file : clips\artworks\big\1077.swf
Check file : clips\artworks\big\1078.swf
Check file : clips\artworks\big\1079.swf
Check file : clips\artworks\big\1080.swf
Check file : clips\artworks\big\1081.swf
Check file : clips\artworks\big\1083.swf
Check file : clips\artworks\big\1084.swf
Check file : clips\artworks\big\1085.swf
Check file : clips\artworks\big\1086.swf
Check file : clips\artworks\big\1087.swf
Check file : clips\artworks\big\1088.swf
Check file : clips\artworks\big\1089.swf
Check file : clips\artworks\big\1090.swf
Check file : clips\artworks\big\1091.swf
Check file : clips\artworks\big\1092.swf
Check file : clips\artworks\big\1093.swf
Check file : clips\artworks\big\1095.swf
Check file : clips\artworks\big\1096.swf
Check file : clips\artworks\big\1097.swf
Check file : clips\artworks\big\1098.swf
Check file : clips\artworks\big\1099.swf
Check file : clips\artworks\big\11.swf
Check file : clips\artworks\big\110.swf
Check file : clips\artworks\big\1100.swf
Check file : clips\artworks\big\1101.swf
Check file : clips\artworks\big\1102.swf
Check file : clips\artworks\big\1103.swf
Check file : clips\artworks\big\1104.swf
Check file : clips\artworks\big\1105.swf
Check file : clips\artworks\big\1106.swf
Check file : clips\artworks\big\1107.swf
Check file : clips\artworks\big\1108.swf
Check file : clips\artworks\big\1109.swf
Check file : clips\artworks\big\111.swf

Component (5) play action : time 7

Component (5) action: NAME=[%1]%
Design (5) : NAME = 1%

Component (6) play action : time 7

Component (6) action: NAME=Fichier: [FILES]
Design (6) : NAME = Fichier: 142/7339

Component (10) play action : time 7

Component (10) action: IMG_SIZE=[calcul:689/100*[%1]],10
Design (10) : IMG_SIZE = 6,89,10
Check file : clips\artworks\big\1110.swf
Check file : clips\artworks\big\1111.swf
Check file : clips\artworks\big\1112.swf
Check file : clips\artworks\big\1113.swf
Check file : clips\artworks\big\1114.swf
Check file : clips\artworks\big\1115.swf
Check file : clips\artworks\big\1116.swf
Check file : clips\artworks\big\1117.swf
Check file : clips\artworks\big\1118.swf
Check file : clips\artworks\big\1119.swf
Check file : clips\artworks\big\1120.swf
Check file : clips\artworks\big\1121.swf
Check file : clips\artworks\big\1122.swf
Check file : clips\artworks\big\1123.swf
Check file : clips\artworks\big\1124.swf
Check file : clips\artworks\big\1125.swf
Check file : clips\artworks\big\1126.swf
Check file : clips\artworks\big\1127.swf
Check file : clips\artworks\big\1128.swf
Check file : clips\artworks\big\1129.swf
Check file : clips\artworks\big\1130.swf
Check file : clips\artworks\big\1131.swf
Check file : clips\artworks\big\1132.swf
Check file : clips\artworks\big\1133.swf
Check file : clips\artworks\big\1134.swf
Check file : clips\artworks\big\1135.swf
Check file : clips\artworks\big\1136.swf
Check file : clips\artworks\big\1137.swf
Check file : clips\artworks\big\1138.swf
Check file : clips\artworks\big\1143.swf
Check file : clips\artworks\big\1144.swf
Check file : clips\artworks\big\1145.swf
Check file : clips\artworks\big\1146.swf
Check file : clips\artworks\big\1147.swf
Check file : clips\artworks\big\1148.swf
Check file : clips\artworks\big\1149.swf
Check file : clips\artworks\big\1150.swf
Check file : clips\artworks\big\1151.swf
Check file : clips\artworks\big\1152.swf
Check file : clips\artworks\big\1153.swf
Check file : clips\artworks\big\1154.swf
Check file : clips\artworks\big\1155.swf
Check file : clips\artworks\big\1156.swf
Check file : clips\artworks\big\1157.swf
Check file : clips\artworks\big\1158.swf
Check file : clips\artworks\big\1159.swf
Check file : clips\artworks\big\1160.swf
Check file : clips\artworks\big\1161.swf
Check file : clips\artworks\big\1162.swf
Check file : clips\artworks\big\1163.swf
Check file : clips\artworks\big\1164.swf
Check file : clips\artworks\big\1165.swf

Component (5) play action : time 7

Component (5) action: NAME=[%1]%
Design (5) : NAME = 2%

Component (6) play action : time 7

Component (6) action: NAME=Fichier: [FILES]
Design (6) : NAME = Fichier: 194/7339

Component (10) play action : time 7

Component (10) action: IMG_SIZE=[calcul:689/100*[%1]],10
Design (10) : IMG_SIZE = 13,78,10
Check file : clips\artworks\big\1166.swf
Check file : clips\artworks\big\1167.swf
Check file : clips\artworks\big\1168.swf
Check file : clips\artworks\big\1169.swf
Check file : clips\artworks\big\1171.swf
Check file : clips\artworks\big\1172.swf
Check file : clips\artworks\big\1173.swf
Check file : clips\artworks\big\1174.swf
Check file : clips\artworks\big\1175.swf
Check file : clips\artworks\big\1176.swf
Check file : clips\artworks\big\1177.swf
Check file : clips\artworks\big\1178.swf
Check file : clips\artworks\big\1179.swf
Check file : clips\artworks\big\1180.swf
Check file : clips\artworks\big\1181.swf
Check file : clips\artworks\big\1182.swf
Check file : clips\artworks\big\1184.swf
Check file : clips\artworks\big\1185.swf
Check file : clips\artworks\big\1186.swf
Check file : clips\artworks\big\1188.swf
Check file : clips\artworks\big\1189.swf
Check file : clips\artworks\big\1190.swf
Check file : clips\artworks\big\1191.swf
Check file : clips\artworks\big\1192.swf
Check file : clips\artworks\big\1193.swf
Check file : clips\artworks\big\1194.swf
Check file : clips\artworks\big\1195.swf
Check file : clips\artworks\big\1196.swf
Check file : clips\artworks\big\1197.swf
Check file : clips\artworks\big\1198.swf
Check file : clips\artworks\big\1199.swf
Check file : clips\artworks\big\120.swf
Check file : clips\artworks\big\1201.swf
Check file : clips\artworks\big\1202.swf
Check file : clips\artworks\big\1203.swf
Check file : clips\artworks\big\1204.swf
Check file : clips\artworks\big\1205.swf

Component (5) play action : time 7

Component (5) action: NAME=[%1]%
Design (5) : NAME = 3%
Check file : clips\artworks\big\1206.swf

Component (6) play action : time 7

Component (6) action: NAME=Fichier: [FILES]
Design (6) : NAME = Fichier: 232/7339

Component (10) play action : time 7

Component (10) action: IMG_SIZE=[calcul:689/100*[%1]],10
Design (10) : IMG_SIZE = 20,67,10
Check file : clips\artworks\big\1207.swf
Check file : clips\artworks\big\1209.swf
Check file : clips\artworks\big\121.swf
Check file : clips\artworks\big\1211.swf
Check file : clips\artworks\big\1212.swf
Check file : clips\artworks\big\1215.swf
Check file : clips\artworks\big\1216.swf
Check file : clips\artworks\big\1217.swf
Check file : clips\artworks\big\1218.swf
Check file : clips\artworks\big\1219.swf
Check file : clips\artworks\big\1220.swf
Check file : clips\artworks\big\1221.swf
Check file : clips\artworks\big\1222.swf
Check file : clips\artworks\big\1223.swf
Check file : clips\artworks\big\1226.swf
Check file : clips\artworks\big\1227.swf
Check file : clips\artworks\big\1228.swf
Check file : clips\artworks\big\1229.swf
Check file : clips\artworks\big\1230.swf
Check file : clips\artworks\big\1231.swf
Check file : clips\artworks\big\1232.swf
Check file : clips\artworks\big\1239.swf
Check file : clips\artworks\big\1240.swf
Check file : clips\artworks\big\1241.swf
Check file : clips\artworks\big\1242.swf
Check file : clips\artworks\big\1243.swf
Check file : clips\artworks\big\1244.swf
Check file : clips\artworks\big\1245.swf
Check file : clips\artworks\big\1246.swf
Check file : clips\artworks\big\1247.swf
Check file : clips\artworks\big\1248.swf
Check file : clips\artworks\big\1249.swf
Check file : clips\artworks\big\1250.swf
Check file : clips\artworks\big\1251.swf
Check file : clips\artworks\big\1252.swf
Check file : clips\artworks\big\1253.swf
Check file : clips\artworks\big\1254.swf
Check file : clips\artworks\big\1256.swf
Check file : clips\artworks\big\1257.swf
Check file : clips\artworks\big\1258.swf
Check file : clips\artworks\big\1259.swf

Component (5) play action : time 7

Component (5) action: NAME=[%1]%
Design (5) : NAME = 3%

Component (6) play action : time 7

Component (6) action: NAME=Fichier: [FILES]
Design (6) : NAME = Fichier: 273/7339

Component (10) play action : time 7

Component (10) action: IMG_SIZE=[calcul:689/100*[%1]],10
Design (10) : IMG_SIZE = 20,67,10
Check file : clips\artworks\big\1260.swf
Check file : clips\artworks\big\1261.swf
Check file : clips\artworks\big\1262.swf
Check file : clips\artworks\big\1263.swf
Check file : clips\artworks\big\1264.swf
Check file : clips\artworks\big\1265.swf
Check file : clips\artworks\big\1266.swf
Check file : clips\artworks\big\1267.swf
Check file : clips\artworks\big\1268.swf
Check file : clips\artworks\big\1269.swf
Check file : clips\artworks\big\1270.swf
Check file : clips\artworks\big\1271.swf
Check file : clips\artworks\big\1273.swf
Check file : clips\artworks\big\1274.swf
Check file : clips\artworks\big\1275.swf
Check file : clips\artworks\big\1276.swf
Check file : clips\artworks\big\1278.swf
Check file : clips\artworks\big\1279.swf
Check file : clips\artworks\big\1280.swf
Check file : clips\artworks\big\1281.swf
Check file : clips\artworks\big\1282.swf
Check file : clips\artworks\big\1283.swf
Check file : clips\artworks\big\1284.swf
Check file : clips\artworks\big\1285.swf
Check file : clips\artworks\big\1286.swf
Check file : clips\artworks\big\1287.swf
Check file : clips\artworks\big\1288.swf
Check file : clips\artworks\big\1289.swf
Check file : clips\artworks\big\1290.swf
Check file : clips\artworks\big\1291.swf
Check file : clips\artworks\big\1292.swf
Check file : clips\artworks\big\1293.swf
Check file : clips\artworks\big\1294.swf
Check file : clips\artworks\big\1295.swf
Check file : clips\artworks\big\1296.swf
Check file : clips\artworks\big\1297.swf
Check file : clips\artworks\big\1298.swf
Check file : clips\artworks\big\1299.swf
Check file : clips\artworks\big\1300.swf
Check file : clips\artworks\big\1301.swf
Check file : clips\artworks\big\1302.swf
Check file : clips\artworks\big\1303.swf
Check file : clips\artworks\big\1304.swf
Check file : clips\artworks\big\1305.swf
Check file : clips\artworks\big\1306.swf
Check file : clips\artworks\big\1307.swf
Check file : clips\artworks\big\1308.swf

Component (5) play action : time 7

Component (5) action: NAME=[%1]%
Design (5) : NAME = 4%

Component (6) play action : time 7

Component (6) action: NAME=Fichier: [FILES]
Design (6) : NAME = Fichier: 320/7339

Component (10) play action : time 7

Component (10) action: IMG_SIZE=[calcul:689/100*[%1]],10
Design (10) : IMG_SIZE = 27,56,10
Check file : clips\artworks\big\1309.swf
Check file : clips\artworks\big\1310.swf
Check file : clips\artworks\big\1311.swf
Check file : clips\artworks\big\1312.swf
Check file : clips\artworks\big\1313.swf
Check file : clips\artworks\big\1314.swf
Check file : clips\artworks\big\1315.swf
Check file : clips\artworks\big\1316.swf
Check file : clips\artworks\big\1317.swf
Check file : clips\artworks\big\1318.swf
Check file : clips\artworks\big\1321.swf
Check file : clips\artworks\big\1322.swf
Check file : clips\artworks\big\1324.swf
Check file : clips\artworks\big\1325.swf
Check file : clips\artworks\big\1326.swf
Check file : clips\artworks\big\1327.swf
Check file : clips\artworks\big\1328.swf
Check file : clips\artworks\big\1330.swf
Check file : clips\artworks\big\1333.swf
Check file : clips\artworks\big\1334.swf
Check file : clips\artworks\big\1335.swf
Check file : clips\artworks\big\1336.swf
Check file : clips\artworks\big\1337.swf
Check file : clips\artworks\big\1338.swf
Check file : clips\artworks\big\1339.swf
Check file : clips\artworks\big\1340.swf
Check file : clips\artworks\big\1341.swf
Check file : clips\artworks\big\1342.swf
Check file : clips\artworks\big\1347.swf
Check file : clips\artworks\big\1348.swf
Check file : clips\artworks\big\1349.swf
Check file : clips\artworks\big\1351.swf
Check file : clips\artworks\big\1354.swf
Check file : clips\artworks\big\1355.swf
Check file : clips\artworks\big\1356.swf
Check file : clips\artworks\big\1357.swf
Check file : clips\artworks\big\1358.swf
Check file : clips\artworks\big\1359.swf
Check file : clips\artworks\big\1361.swf
Check file : clips\artworks\big\1362.swf
Check file : clips\artworks\big\1363.swf
Check file : clips\artworks\big\1364.swf
Check file : clips\artworks\big\1365.swf
Check file : clips\artworks\big\1366.swf
Check file : clips\artworks\big\1367.swf
Check file : clips\artworks\big\1368.swf
Check file : clips\artworks\big\1369.swf
Check file : clips\artworks\big\1372.swf
Check file : clips\artworks\big\1373.swf
Check file : clips\artworks\big\1374.swf
Check file : clips\artworks\big\1375.swf
Check file : clips\artworks\big\1376.swf
Check file : clips\artworks\big\1377.swf
Check file : clips\artworks\big\1379.swf
Check file : clips\artworks\big\1380.swf
Check file : clips\artworks\big\1381.swf
Check file : clips\artworks\big\1382.swf
Check file : clips\artworks\big\1383.swf

Component (8) play action : time 2

Component (8) action: BG_PATH=images\forum.png
Design (8) : BG_PATH = images\forum.png
Check file : clips\artworks\big\1384.swf
Check file : clips\artworks\big\1385.swf
Check file : clips\artworks\big\1386.swf
Check file : clips\artworks\big\1387.swf
Check file : clips\artworks\big\1388.swf
Check file : clips\artworks\big\1389.swf
Check file : clips\artworks\big\1390.swf
Check file : clips\artworks\big\1391.swf

Component (5) play action : time 7
Check file : clips\artworks\big\1392.swf

Component (5) action: NAME=[%1]%
Design (5) : NAME = 5%

Component (6) play action : time 7

Component (6) action: NAME=Fichier: [FILES]
Design (6) : NAME = Fichier: 387/7339

Component (10) play action : time 7

Component (10) action: IMG_SIZE=[calcul:689/100*[%1]],10
Design (10) : IMG_SIZE = 34,45,10
Check file : clips\artworks\big\1393.swf
Check file : clips\artworks\big\1394.swf
Check file : clips\artworks\big\1395.swf
Check file : clips\artworks\big\1396.swf
Check file : clips\artworks\big\1397.swf
Check file : clips\artworks\big\1398.swf
Check file : clips\artworks\big\1399.swf
Check file : clips\artworks\big\1400.swf
Check file : clips\artworks\big\1401.swf
Check file : clips\artworks\big\1402.swf
Check file : clips\artworks\big\1403.swf
Check file : clips\artworks\big\1404.swf
Check file : clips\artworks\big\1405.swf
Check file : clips\artworks\big\1406.swf
Check file : clips\artworks\big\1407.swf
Check file : clips\artworks\big\1408.swf
Check file : clips\artworks\big\1409.swf
Check file : clips\artworks\big\1410.swf
Check file : clips\artworks\big\1411.swf
Check file : clips\artworks\big\1412.swf
Check file : clips\artworks\big\1413.swf
Check file : clips\artworks\big\1414.swf
Check file : clips\artworks\big\1415.swf
Check file : clips\artworks\big\1416.swf
Check file : clips\artworks\big\1417.swf
Check file : clips\artworks\big\1418.swf
Check file : clips\artworks\big\1419.swf
Check file : clips\artworks\big\1429.swf
Check file : clips\artworks\big\1430.swf
Check file : clips\artworks\big\1431.swf
Check file : clips\artworks\big\1432.swf
Check file : clips\artworks\big\1433.swf
Check file : clips\artworks\big\1434.swf
Check file : clips\artworks\big\1436.swf
Check file : clips\artworks\big\1439.swf
Check file : clips\artworks\big\1440.swf
Check file : clips\artworks\big\1442.swf
Check file : clips\artworks\big\1444.swf
Check file : clips\artworks\big\1445.swf
Check file : clips\artworks\big\1446.swf
Check file : clips\artworks\big\1447.swf
Check file : clips\artworks\big\1448.swf
Check file : clips\artworks\big\1449.swf
Check file : clips\artworks\big\1450.swf
Check file : clips\artworks\big\1451.swf
Check file : clips\artworks\big\1452.swf
Check file : clips\artworks\big\1453.swf
Check file : clips\artworks\big\1454.swf
Check file : clips\artworks\big\1455.swf

Component (5) play action : time 7

Component (5) action: NAME=[%1]%
Design (5) : NAME = 5%

Component (6) play action : time 7

Component (6) action: NAME=Fichier: [FILES]
Design (6) : NAME = Fichier: 436/7339

Component (10) play action : time 7

Component (10) action: IMG_SIZE=[calcul:689/100*[%1]],10
Design (10) : IMG_SIZE = 34,45,10
Check file : clips\artworks\big\1456.swf
Check file : clips\artworks\big\1458.swf
Check file : clips\artworks\big\1459.swf
Check file : clips\artworks\big\1462.swf
Check file : clips\artworks\big\1472.swf
Check file : clips\artworks\big\1474.swf
Check file : clips\artworks\big\1475.swf
Check file : clips\artworks\big\1480.swf
Check file : clips\artworks\big\1481.swf
Check file : clips\artworks\big\1482.swf
Check file : clips\artworks\big\1483.swf
Check file : clips\artworks\big\1484.swf
Check file : clips\artworks\big\1485.swf
Check file : clips\artworks\big\1486.swf
Check file : clips\artworks\big\1487.swf
Check file : clips\artworks\big\1488.swf
Check file : clips\artworks\big\1492.swf
Check file : clips\artworks\big\1495.swf
Check file : clips\artworks\big\1499.swf
Check file : clips\artworks\big\1501.swf
Check file : clips\artworks\big\1502.swf
Check file : clips\artworks\big\1503.swf
Url child: http://127.0.0.1/uplauncher/

Open the design.config...
NAME = [Pre Alpha] UpLauncher
STYLE = 0
BG_PATH = images\bg.png
Check file (images\bg.png): 
Local MD5: f21868af923009bc685465c2ec3849b0
Web MD5: f21868af923009bc685465c2ec3849b0

SIZE = 695,395
BG_COLOR = 240,0,200
HIDDEN_COLOR = 240,0,200
ICON = images\favicon.ico
Check file (images\favicon.ico): 
Local MD5: 8b50db450857d9456b30de51a8e14c4e
Web MD5: 8b50db450857d9456b30de51a8e14c4e

PICTURE = 660,530,3013

New picture (1):
Design (1) : LOCATION = 660,5
Design (1) : SIZE = 30,30
Design (1) : BG_COLOR = 
Design (1) : CURSOR = 1
Design (1) : ACTION = 3
PICTURE = 640,1015,1511

New picture (2):
Design (2) : LOCATION = 640,10
Design (2) : SIZE = 15,15
Design (2) : BG_COLOR = 
Design (2) : CURSOR = 1
Design (2) : ACTION = 1
PICTURE = 3,218140,43images\jouer.png1Dofus.exeimages\jouer_hover.pngimages\jouer.png

New picture (3):
Design (3) : LOCATION = 3,218
Design (3) : SIZE = 140,43
Design (3) : BG_PATH = images\jouer.png
Check file (images\jouer.png): 
Local MD5: e3f3c4e4573ab6420b02f93d6b754f65
Web MD5: e3f3c4e4573ab6420b02f93d6b754f65

Design (3) : CURSOR = 1
Design (3) : ACTION = Dofus.exe
Design (3) : ACTION = images\jouer_hover.png
Design (3) : ACTION = images\jouer.png
PICTURE = 3,261140,43images\site.png1http://127.0.0.1/images\site_hover.pngimages\site.png

New picture (7):
Design (7) : LOCATION = 3,261
Design (7) : SIZE = 140,43
Design (7) : BG_PATH = images\site.png
Check file (images\site.png): 
Local MD5: b1cd1fdf1457df5d930285993746d8f6
Web MD5: b1cd1fdf1457df5d930285993746d8f6

Design (7) : CURSOR = 1
Design (7) : ACTION = http://127.0.0.1/
Design (7) : ACTION = images\site_hover.png
Design (7) : ACTION = images\site.png
PICTURE = 3,304140,43images\forum.png1http://127.0.0.1/images\forum_hover.pngimages\forum.png

New picture (8):
Design (8) : LOCATION = 3,304
Design (8) : SIZE = 140,43
Design (8) : BG_PATH = images\forum.png
Check file (images\forum.png): 
Local MD5: cdd69ba0e8983aeb11b62d61d19b8760
Web MD5: cdd69ba0e8983aeb11b62d61d19b8760

Design (8) : CURSOR = 1
Design (8) : ACTION = http://127.0.0.1/
Design (8) : ACTION = images\forum_hover.png
Design (8) : ACTION = images\forum.png
BUTTON = Vider le cache3,347140,4301255,153,0http://127.0.0.1/

New button (9):
Design (9) : NAME = Vider le cache
Design (9) : LOCATION = 3,347
Design (9) : SIZE = 140,43
Design (9) : STYLE = 0
Design (9) : CURSOR = 1
Design (9) : BG_COLOR = 255,153,0
Design (9) : ACTION = http://127.0.0.1/
LABEL = 0,185255,255,255

New label (4):
Design (4) : NAME = 
Design (4) : LOCATION = 0,185
Design (4) : COLOR = 255,255,255
LABEL = 0%660,185255,255,2550%

New label (5):
Design (5) : NAME = 0%
Design (5) : LOCATION = 660,185
Design (5) : COLOR = 255,255,255
Design (5) : ACTION = 0%
LABEL = Fichier: 5,185255,255,255Fichier: 

New label (6):
Design (6) : NAME = Fichier: 
Design (6) : LOCATION = 5,185
Design (6) : COLOR = 255,255,255
Design (6) : ACTION = Fichier: 
PICTURE = images\pb.png689,103,200images\progress.gif0,00,10

New picture (10):
Design (10) : BG_PATH = images\pb.png
Check file (images\pb.png): 
Local MD5: 871ba7e5acdb2d09fbfe5fb475204668
Web MD5: 871ba7e5acdb2d09fbfe5fb475204668

Design (10) : SIZE = 689,10
Design (10) : LOCATION = 3,200
Design (10) : IMG = images\progress.gif
Check file (images\progress.gif): 
Local MD5: f7d6d0d1d0246f4c9b70478a411201b2
Web MD5: f7d6d0d1d0246f4c9b70478a411201b2

Design (10) : IMG_SIZE = 0,0
Design (10) : ACTION = 0,10
ACTION = 3,9
ACTION = 3,9
INFOS_UPDATE = 4

Display of the form...
Component (1) add action: Time 0
Component (2) add action: Time 0
Component (3) add action: Time 0
Component (7) add action: Time 0
Component (8) add action: Time 0
Component (9) add action: Time 0
Component (3) add action: Time 1
Component (7) add action: Time 1
Component (8) add action: Time 1
Component (3) add action: Time 2
Component (7) add action: Time 2
Component (8) add action: Time 2
Component (5) add action: Time 7
Component (6) add action: Time 7
Component (10) add action: Time 7

Form movement add.
Component (0) add action: Time 4

Component (0) play action : time 4

Component (0) action: LOCK=3,9
Design (0) : LOCK = 3,9
Download informations...

Component (5) play action : time 7

Component (5) action: NAME=[%1]%
Design (5) : NAME = 0%

Component (6) play action : time 7

Component (6) action: NAME=Fichier: [FILES]
Design (6) : NAME = Fichier: 

Component (10) play action : time 7

Component (10) action: IMG_SIZE=0,10
Design (10) : IMG_SIZE = 0,10

Component (5) play action : time 7

Component (5) action: NAME=[%1]%
Design (5) : NAME = 0%

Component (6) play action : time 7

Component (6) action: NAME=Fichier: [FILES]
Design (6) : NAME = Fichier: 

Component (10) play action : time 7

Component (10) action: IMG_SIZE=0,10
Design (10) : IMG_SIZE = 0,10

Component (5) play action : time 7

Component (5) action: NAME=[%1]%
Design (5) : NAME = 0%

Component (6) play action : time 7

Component (6) action: NAME=Fichier: [FILES]
Design (6) : NAME = Fichier: 

Component (10) play action : time 7

Component (10) action: IMG_SIZE=0,10
Design (10) : IMG_SIZE = 0,10

Component (5) play action : time 7

Component (5) action: NAME=[%1]%
Design (5) : NAME = 0%

Component (6) play action : time 7

Component (6) action: NAME=Fichier: [FILES]
Design (6) : NAME = Fichier: 

Component (10) play action : time 7

Component (10) action: IMG_SIZE=0,10
Design (10) : IMG_SIZE = 0,10

Component (5) play action : time 7

Component (5) action: NAME=[%1]%
Design (5) : NAME = 0%

Component (6) play action : time 7

Component (6) action: NAME=Fichier: [FILES]
Design (6) : NAME = Fichier: 

Component (10) play action : time 7

Component (10) action: IMG_SIZE=0,10
Design (10) : IMG_SIZE = 0,10

Component (5) play action : time 7

Component (5) action: NAME=[%1]%
Design (5) : NAME = 0%

Component (6) play action : time 7

Component (6) action: NAME=Fichier: [FILES]
Design (6) : NAME = Fichier: 

Component (10) play action : time 7

Component (10) action: IMG_SIZE=0,10
Design (10) : IMG_SIZE = 0,10

Component (5) play action : time 7

Component (5) action: NAME=[%1]%
Design (5) : NAME = 0%

Component (6) play action : time 7

Component (6) action: NAME=Fichier: [FILES]
Design (6) : NAME = Fichier: 

Component (10) play action : time 7

Component (10) action: IMG_SIZE=0,10
Design (10) : IMG_SIZE = 0,10

Component (5) play action : time 7

Component (5) action: NAME=[%1]%
Design (5) : NAME = 0%

Component (6) play action : time 7

Component (6) action: NAME=Fichier: [FILES]
Design (6) : NAME = Fichier: 

Component (10) play action : time 7

Component (10) action: IMG_SIZE=0,10
Design (10) : IMG_SIZE = 0,10

Component (5) play action : time 7

Component (5) action: NAME=[%1]%
Design (5) : NAME = 0%

Component (6) play action : time 7

Component (6) action: NAME=Fichier: [FILES]
Design (6) : NAME = Fichier: 

Component (10) play action : time 7

Component (10) action: IMG_SIZE=0,10
Design (10) : IMG_SIZE = 0,10

Component (5) play action : time 7

Component (5) action: NAME=[%1]%
Design (5) : NAME = 0%

Component (6) play action : time 7

Component (6) action: NAME=Fichier: [FILES]
Design (6) : NAME = Fichier: 

Component (10) play action : time 7

Component (10) action: IMG_SIZE=0,10
Design (10) : IMG_SIZE = 0,10

Component (5) play action : time 7

Component (5) action: NAME=[%1]%
Design (5) : NAME = 0%

Component (6) play action : time 7

Component (6) action: NAME=Fichier: [FILES]
Design (6) : NAME = Fichier: 

Component (10) play action : time 7

Component (10) action: IMG_SIZE=0,10
Design (10) : IMG_SIZE = 0,10

Component (5) play action : time 7

Component (5) action: NAME=[%1]%
Design (5) : NAME = 0%

Component (6) play action : time 7

Component (6) action: NAME=Fichier: [FILES]
Design (6) : NAME = Fichier: 

Component (10) play action : time 7

Component (10) action: IMG_SIZE=0,10
Design (10) : IMG_SIZE = 0,10

Component (5) play action : time 7

Component (5) action: NAME=[%1]%
Design (5) : NAME = 0%

Component (6) play action : time 7

Component (6) action: NAME=Fichier: [FILES]
Design (6) : NAME = Fichier: 

Component (10) play action : time 7

Component (10) action: IMG_SIZE=0,10
Design (10) : IMG_SIZE = 0,10

Component (5) play action : time 7

Component (5) action: NAME=[%1]%
Design (5) : NAME = 0%

Component (6) play action : time 7

Component (6) action: NAME=Fichier: [FILES]
Design (6) : NAME = Fichier: 

Component (10) play action : time 7

Component (10) action: IMG_SIZE=0,10
Design (10) : IMG_SIZE = 0,10

Component (5) play action : time 7

Component (5) action: NAME=[%1]%
Design (5) : NAME = 0%

Component (6) play action : time 7

Component (6) action: NAME=Fichier: [FILES]
Design (6) : NAME = Fichier: 

Component (10) play action : time 7

Component (10) action: IMG_SIZE=0,10
Design (10) : IMG_SIZE = 0,10

Component (5) play action : time 7

Component (5) action: NAME=[%1]%
Design (5) : NAME = 0%

Component (6) play action : time 7

Component (6) action: NAME=Fichier: [FILES]
Design (6) : NAME = Fichier: 

Component (10) play action : time 7

Component (10) action: IMG_SIZE=0,10
Design (10) : IMG_SIZE = 0,10

Component (5) play action : time 7

Component (5) action: NAME=[%1]%
Design (5) : NAME = 0%

Component (6) play action : time 7

Component (6) action: NAME=Fichier: [FILES]
Design (6) : NAME = Fichier: 

Component (10) play action : time 7

Component (10) action: IMG_SIZE=0,10
Design (10) : IMG_SIZE = 0,10

Component (5) play action : time 7

Component (5) action: NAME=[%1]%
Design (5) : NAME = 0%

Component (6) play action : time 7

Component (6) action: NAME=Fichier: [FILES]
Design (6) : NAME = Fichier: 

Component (10) play action : time 7

Component (10) action: IMG_SIZE=0,10
Design (10) : IMG_SIZE = 0,10

Component (5) play action : time 7

Component (5) action: NAME=[%1]%
Design (5) : NAME = 0%

Component (6) play action : time 7

Component (6) action: NAME=Fichier: [FILES]
Design (6) : NAME = Fichier: 

Component (10) play action : time 7

Component (10) action: IMG_SIZE=0,10
Design (10) : IMG_SIZE = 0,10

Component (5) play action : time 7

Component (5) action: NAME=[%1]%
Design (5) : NAME = 0%

Component (6) play action : time 7

Component (6) action: NAME=Fichier: [FILES]
Design (6) : NAME = Fichier: 

Component (10) play action : time 7

Component (10) action: IMG_SIZE=0,10
Design (10) : IMG_SIZE = 0,10

Component (5) play action : time 7

Component (5) action: NAME=[%1]%
Design (5) : NAME = 0%

Component (6) play action : time 7

Component (6) action: NAME=Fichier: [FILES]
Design (6) : NAME = Fichier: 

Component (10) play action : time 7

Component (10) action: IMG_SIZE=0,10
Design (10) : IMG_SIZE = 0,10

Component (5) play action : time 7

Component (5) action: NAME=[%1]%
Design (5) : NAME = 0%

Component (6) play action : time 7

Component (6) action: NAME=Fichier: [FILES]
Design (6) : NAME = Fichier: 

Component (10) play action : time 7

Component (10) action: IMG_SIZE=0,10
Design (10) : IMG_SIZE = 0,10

Component (5) play action : time 7

Component (5) action: NAME=[%1]%
Design (5) : NAME = 0%

Component (6) play action : time 7

Component (6) action: NAME=Fichier: [FILES]
Design (6) : NAME = Fichier: 

Component (10) play action : time 7

Component (10) action: IMG_SIZE=0,10
Design (10) : IMG_SIZE = 0,10

Component (5) play action : time 7

Component (5) action: NAME=[%1]%
Design (5) : NAME = 0%

Component (6) play action : time 7

Component (6) action: NAME=Fichier: [FILES]
Design (6) : NAME = Fichier: 

Component (10) play action : time 7

Component (10) action: IMG_SIZE=0,10
Design (10) : IMG_SIZE = 0,10

Component (5) play action : time 7

Component (5) action: NAME=[%1]%
Design (5) : NAME = 0%

Component (6) play action : time 7

Component (6) action: NAME=Fichier: [FILES]
Design (6) : NAME = Fichier: 

Component (10) play action : time 7

Component (10) action: IMG_SIZE=0,10
Design (10) : IMG_SIZE = 0,10

Component (5) play action : time 7

Component (5) action: NAME=[%1]%
Design (5) : NAME = 0%

Component (6) play action : time 7

Component (6) action: NAME=Fichier: [FILES]
Design (6) : NAME = Fichier: 

Component (10) play action : time 7

Component (10) action: IMG_SIZE=0,10
Design (10) : IMG_SIZE = 0,10
